<?xml version="1.0" encoding="UTF-8"?>
<testng-results ignored="0" total="1" passed="1" failed="0" skipped="0">
  <reporter-output>
  </reporter-output>
  <suite started-at="2022-05-13T17:42:46 IST" name="CR46 Smoke" finished-at="2022-05-13T17:44:18 IST" duration-ms="91869">
    <groups>
    </groups>
    <test started-at="2022-05-13T17:42:46 IST" name="CR46" finished-at="2022-05-13T17:44:18 IST" duration-ms="91869">
      <class name="CR46.CR46">
        <test-method is-config="true" signature="startUp()[pri:0, instance:CR46.CR46@5b218417]" started-at="2022-05-13T17:42:41 IST" name="startUp" finished-at="2022-05-13T17:42:46 IST" duration-ms="4644" status="PASS">
          <reporter-output>
          </reporter-output>
        </test-method> <!-- startUp -->
        <test-method signature="cr46()[pri:0, instance:CR46.CR46@5b218417]" started-at="2022-05-13T17:42:46 IST" name="cr46" finished-at="2022-05-13T17:44:18 IST" duration-ms="91829" status="PASS">
          <reporter-output>
          </reporter-output>
        </test-method> <!-- cr46 -->
        <test-method is-config="true" signature="end()[pri:0, instance:CR46.CR46@5b218417]" started-at="2022-05-13T17:44:18 IST" name="end" finished-at="2022-05-13T17:44:18 IST" duration-ms="1" status="PASS">
          <reporter-output>
          </reporter-output>
        </test-method> <!-- end -->
      </class> <!-- CR46.CR46 -->
    </test> <!-- CR46 -->
  </suite> <!-- CR46 Smoke -->
</testng-results>
