<?xml version="1.0" encoding="UTF-8"?>
<!-- Generated by org.testng.reporters.JUnitXMLReporter -->
<testsuite hostname="SIPL92" failures="0" tests="1" name="CR46" time="0.014" errors="0" timestamp="20 May 2022 10:51:22 GMT">
  <testcase classname="CR46.CR46" name="@BeforeSuite startUp" time="0.0">
    <failure type="java.lang.NoSuchMethodError" message="org.openqa.selenium.chrome.ChromeOptions.addArguments([Ljava/lang/String;)Lorg/openqa/selenium/chromium/ChromiumOptions;">
      <![CDATA[java.lang.NoSuchMethodError: org.openqa.selenium.chrome.ChromeOptions.addArguments([Ljava/lang/String;)Lorg/openqa/selenium/chromium/ChromiumOptions;
	at CR46.CR46.startUp(CR46.java:43)
... Removed 17 stack frames]]>
    </failure>
  </testcase> <!-- @BeforeSuite startUp -->
  <testcase classname="CR46.CR46" name="cr46" time="0.001">
    <skipped/>
  </testcase> <!-- cr46 -->
</testsuite> <!-- CR46 -->
